# JRE version: OpenJDK Runtime Environment (11.0.12+7) (build 11.0.12+7-b1504.28-7817840)
# Java VM: OpenJDK 64-Bit Server VM (11.0.12+7-b1504.28-7817840, mixed mode, tiered, compressed oops, g1 gc, windows-amd64)
Heap:
 garbage-first heap   total 284672K, used 104826K [0x0000000080000000, 0x0000000100000000)
  region size 1024K, 11 young (11264K), 7 survivors (7168K)
 Metaspace       used 113739K, capacity 116590K, committed 116868K, reserved 1150976K
  class space    used 14333K, capacity 15459K, committed 15564K, reserved 1048576K
GC Heap History (20 events):
Event: 18.873 GC heap before
{Heap before GC invocations=14 (full 0):
 garbage-first heap   total 236544K, used 168182K [0x0000000080000000, 0x0000000100000000)
  region size 1024K, 114 young (116736K), 7 survivors (7168K)
 Metaspace       used 75430K, capacity 77062K, committed 77340K, reserved 1116160K
  class space    used 9799K, capacity 10444K, committed 10572K, reserved 1048576K
}
Event: 18.898 GC heap after
{Heap after GC invocations=15 (full 0):
 garbage-first heap   total 236544K, used 65510K [0x0000000080000000, 0x0000000100000000)
  region size 1024K, 14 young (14336K), 14 survivors (14336K)
 Metaspace       used 75430K, capacity 77062K, committed 77340K, reserved 1116160K
  class space    used 9799K, capacity 10444K, committed 10572K, reserved 1048576K
}
Event: 22.104 GC heap before
{Heap before GC invocations=15 (full 0):
 garbage-first heap   total 236544K, used 175078K [0x0000000080000000, 0x0000000100000000)
  region size 1024K, 122 young (124928K), 14 survivors (14336K)
 Metaspace       used 84769K, capacity 86856K, committed 86940K, reserved 1124352K
  class space    used 11122K, capacity 11931K, committed 11980K, reserved 1048576K
}
Event: 22.142 GC heap after
{Heap after GC invocations=16 (full 0):
 garbage-first heap   total 236544K, used 72969K [0x0000000080000000, 0x0000000100000000)
  region size 1024K, 15 young (15360K), 15 survivors (15360K)
 Metaspace       used 84769K, capacity 86856K, committed 86940K, reserved 1124352K
  class space    used 11122K, capacity 11931K, committed 11980K, reserved 1048576K
}
Event: 25.427 GC heap before
{Heap before GC invocations=16 (full 0):
 garbage-first heap   total 236544K, used 183561K [0x0000000080000000, 0x0000000100000000)
  region size 1024K, 121 young (123904K), 15 survivors (15360K)
 Metaspace       used 87233K, capacity 89296K, committed 89500K, reserved 1126400K
  class space    used 11298K, capacity 12116K, committed 12236K, reserved 1048576K
}
Event: 25.493 GC heap after
{Heap after GC invocations=17 (full 0):
 garbage-first heap   total 236544K, used 92410K [0x0000000080000000, 0x0000000100000000)
  region size 1024K, 16 young (16384K), 16 survivors (16384K)
 Metaspace       used 87233K, capacity 89296K, committed 89500K, reserved 1126400K
  class space    used 11298K, capacity 12116K, committed 12236K, reserved 1048576K
}
Event: 28.239 GC heap before
{Heap before GC invocations=17 (full 0):
 garbage-first heap   total 236544K, used 205050K [0x0000000080000000, 0x0000000100000000)
  region size 1024K, 102 young (104448K), 16 survivors (16384K)
 Metaspace       used 89431K, capacity 91553K, committed 91676K, reserved 1128448K
  class space    used 11507K, capacity 12321K, committed 12364K, reserved 1048576K
}
Event: 28.296 GC heap after
{Heap after GC invocations=18 (full 0):
 garbage-first heap   total 236544K, used 103936K [0x0000000080000000, 0x0000000100000000)
  region size 1024K, 11 young (11264K), 11 survivors (11264K)
 Metaspace       used 89431K, capacity 91553K, committed 91676K, reserved 1128448K
  class space    used 11507K, capacity 12321K, committed 12364K, reserved 1048576K
}
Event: 29.363 GC heap before
{Heap before GC invocations=18 (full 0):
 garbage-first heap   total 236544K, used 148992K [0x0000000080000000, 0x0000000100000000)
  region size 1024K, 56 young (57344K), 11 survivors (11264K)
 Metaspace       used 93042K, capacity 95205K, committed 95388K, reserved 1132544K
  class space    used 11780K, capacity 12612K, committed 12748K, reserved 1048576K
}
Event: 29.395 GC heap after
{Heap after GC invocations=19 (full 0):
 garbage-first heap   total 284672K, used 111104K [0x0000000080000000, 0x0000000100000000)
  region size 1024K, 7 young (7168K), 7 survivors (7168K)
 Metaspace       used 93042K, capacity 95205K, committed 95388K, reserved 1132544K
  class space    used 11780K, capacity 12612K, committed 12748K, reserved 1048576K
}
Event: 31.535 GC heap before
{Heap before GC invocations=19 (full 0):
 garbage-first heap   total 284672K, used 205312K [0x0000000080000000, 0x0000000100000000)
  region size 1024K, 99 young (101376K), 7 survivors (7168K)
 Metaspace       used 95606K, capacity 97822K, committed 98076K, reserved 1134592K
  class space    used 12024K, capacity 12871K, committed 12876K, reserved 1048576K
}
Event: 31.545 GC heap after
{Heap after GC invocations=20 (full 0):
 garbage-first heap   total 284672K, used 107395K [0x0000000080000000, 0x0000000100000000)
  region size 1024K, 4 young (4096K), 4 survivors (4096K)
 Metaspace       used 95606K, capacity 97822K, committed 98076K, reserved 1134592K
  class space    used 12024K, capacity 12871K, committed 12876K, reserved 1048576K
}
Event: 32.490 GC heap before
{Heap before GC invocations=20 (full 0):
 garbage-first heap   total 284672K, used 162691K [0x0000000080000000, 0x0000000100000000)
  region size 1024K, 60 young (61440K), 4 survivors (4096K)
 Metaspace       used 99063K, capacity 101222K, committed 101380K, reserved 1136640K
  class space    used 12473K, capacity 13319K, committed 13388K, reserved 1048576K
}
Event: 32.502 GC heap after
{Heap after GC invocations=21 (full 0):
 garbage-first heap   total 284672K, used 108428K [0x0000000080000000, 0x0000000100000000)
  region size 1024K, 5 young (5120K), 5 survivors (5120K)
 Metaspace       used 99063K, capacity 101222K, committed 101380K, reserved 1136640K
  class space    used 12473K, capacity 13319K, committed 13388K, reserved 1048576K
}
Event: 38.273 GC heap before
{Heap before GC invocations=22 (full 0):
 garbage-first heap   total 284672K, used 205708K [0x0000000080000000, 0x0000000100000000)
  region size 1024K, 113 young (115712K), 5 survivors (5120K)
 Metaspace       used 101359K, capacity 103579K, committed 103812K, reserved 1140736K
  class space    used 12627K, capacity 13467K, committed 13516K, reserved 1048576K
}
Event: 38.296 GC heap after
{Heap after GC invocations=23 (full 0):
 garbage-first heap   total 284672K, used 100864K [0x0000000080000000, 0x0000000100000000)
  region size 1024K, 9 young (9216K), 9 survivors (9216K)
 Metaspace       used 101359K, capacity 103579K, committed 103812K, reserved 1140736K
  class space    used 12627K, capacity 13467K, committed 13516K, reserved 1048576K
}
Event: 38.466 GC heap before
{Heap before GC invocations=23 (full 0):
 garbage-first heap   total 284672K, used 103936K [0x0000000080000000, 0x0000000100000000)
  region size 1024K, 13 young (13312K), 9 survivors (9216K)
 Metaspace       used 101413K, capacity 103595K, committed 103812K, reserved 1140736K
  class space    used 12627K, capacity 13467K, committed 13516K, reserved 1048576K
}
Event: 38.485 GC heap after
{Heap after GC invocations=24 (full 0):
 garbage-first heap   total 284672K, used 96688K [0x0000000080000000, 0x0000000100000000)
  region size 1024K, 2 young (2048K), 2 survivors (2048K)
 Metaspace       used 101413K, capacity 103595K, committed 103812K, reserved 1140736K
  class space    used 12627K, capacity 13467K, committed 13516K, reserved 1048576K
}
Event: 42.792 GC heap before
{Heap before GC invocations=24 (full 0):
 garbage-first heap   total 284672K, used 214448K [0x0000000080000000, 0x0000000100000000)
  region size 1024K, 118 young (120832K), 2 survivors (2048K)
 Metaspace       used 113197K, capacity 115937K, committed 116100K, reserved 1150976K
  class space    used 14227K, capacity 15301K, committed 15308K, reserved 1048576K
}
Event: 42.811 GC heap after
{Heap after GC invocations=25 (full 0):
 garbage-first heap   total 284672K, used 101754K [0x0000000080000000, 0x0000000100000000)
  region size 1024K, 7 young (7168K), 7 survivors (7168K)
 Metaspace       used 113197K, capacity 115937K, committed 116100K, reserved 1150976K
  class space    used 14227K, capacity 15301K, committed 15308K, reserved 1048576K
}

