# JRE version: OpenJDK Runtime Environment (11.0.12+7) (build 11.0.12+7-b1504.28-7817840)
# Java VM: OpenJDK 64-Bit Server VM (11.0.12+7-b1504.28-7817840, mixed mode, tiered, compressed oops, g1 gc, windows-amd64)
Heap:
 garbage-first heap   total 284672K, used 218202K [0x0000000080000000, 0x0000000100000000)
  region size 1024K, 102 young (104448K), 7 survivors (7168K)
 Metaspace       used 106427K, capacity 109242K, committed 109424K, reserved 1144832K
  class space    used 13702K, capacity 14807K, committed 14924K, reserved 1048576K
GC Heap History (20 events):
Event: 30.350 GC heap before
{Heap before GC invocations=21 (full 0):
 garbage-first heap   total 284672K, used 213384K [0x0000000080000000, 0x0000000100000000)
  region size 1024K, 123 young (125952K), 16 survivors (16384K)
 Metaspace       used 102465K, capacity 104940K, committed 105328K, reserved 1140736K
  class space    used 13299K, capacity 14277K, committed 14412K, reserved 1048576K
}
Event: 30.403 GC heap after
{Heap after GC invocations=22 (full 0):
 garbage-first heap   total 284672K, used 115712K [0x0000000080000000, 0x0000000100000000)
  region size 1024K, 12 young (12288K), 12 survivors (12288K)
 Metaspace       used 102465K, capacity 104940K, committed 105328K, reserved 1140736K
  class space    used 13299K, capacity 14277K, committed 14412K, reserved 1048576K
}
Event: 32.186 GC heap before
{Heap before GC invocations=22 (full 0):
 garbage-first heap   total 284672K, used 220160K [0x0000000080000000, 0x0000000100000000)
  region size 1024K, 114 young (116736K), 12 survivors (12288K)
 Metaspace       used 103786K, capacity 106296K, committed 106352K, reserved 1140736K
  class space    used 13388K, capacity 14396K, committed 14412K, reserved 1048576K
}
Event: 32.212 GC heap after
{Heap after GC invocations=23 (full 0):
 garbage-first heap   total 284672K, used 117760K [0x0000000080000000, 0x0000000100000000)
  region size 1024K, 2 young (2048K), 2 survivors (2048K)
 Metaspace       used 103786K, capacity 106296K, committed 106352K, reserved 1140736K
  class space    used 13388K, capacity 14396K, committed 14412K, reserved 1048576K
}
Event: 33.288 GC heap before
{Heap before GC invocations=23 (full 0):
 garbage-first heap   total 284672K, used 225280K [0x0000000080000000, 0x0000000100000000)
  region size 1024K, 107 young (109568K), 2 survivors (2048K)
 Metaspace       used 103892K, capacity 106436K, committed 106608K, reserved 1142784K
  class space    used 13388K, capacity 14396K, committed 14412K, reserved 1048576K
}
Event: 33.297 GC heap after
{Heap after GC invocations=24 (full 0):
 garbage-first heap   total 284672K, used 117306K [0x0000000080000000, 0x0000000100000000)
  region size 1024K, 2 young (2048K), 2 survivors (2048K)
 Metaspace       used 103892K, capacity 106436K, committed 106608K, reserved 1142784K
  class space    used 13388K, capacity 14396K, committed 14412K, reserved 1048576K
}
Event: 34.281 GC heap before
{Heap before GC invocations=24 (full 0):
 garbage-first heap   total 284672K, used 228922K [0x0000000080000000, 0x0000000100000000)
  region size 1024K, 111 young (113664K), 2 survivors (2048K)
 Metaspace       used 103971K, capacity 106530K, committed 106608K, reserved 1142784K
  class space    used 13394K, capacity 14406K, committed 14412K, reserved 1048576K
}
Event: 34.290 GC heap after
{Heap after GC invocations=25 (full 0):
 garbage-first heap   total 284672K, used 117648K [0x0000000080000000, 0x0000000100000000)
  region size 1024K, 2 young (2048K), 2 survivors (2048K)
 Metaspace       used 103971K, capacity 106530K, committed 106608K, reserved 1142784K
  class space    used 13394K, capacity 14406K, committed 14412K, reserved 1048576K
}
Event: 35.251 GC heap before
{Heap before GC invocations=25 (full 0):
 garbage-first heap   total 284672K, used 231312K [0x0000000080000000, 0x0000000100000000)
  region size 1024K, 113 young (115712K), 2 survivors (2048K)
 Metaspace       used 104083K, capacity 106618K, committed 106864K, reserved 1142784K
  class space    used 13405K, capacity 14411K, committed 14412K, reserved 1048576K
}
Event: 35.259 GC heap after
{Heap after GC invocations=26 (full 0):
 garbage-first heap   total 284672K, used 118301K [0x0000000080000000, 0x0000000100000000)
  region size 1024K, 3 young (3072K), 3 survivors (3072K)
 Metaspace       used 104083K, capacity 106618K, committed 106864K, reserved 1142784K
  class space    used 13405K, capacity 14411K, committed 14412K, reserved 1048576K
}
Event: 36.919 GC heap before
{Heap before GC invocations=26 (full 0):
 garbage-first heap   total 284672K, used 235037K [0x0000000080000000, 0x0000000100000000)
  region size 1024K, 116 young (118784K), 3 survivors (3072K)
 Metaspace       used 106124K, capacity 108955K, committed 109040K, reserved 1144832K
  class space    used 13685K, capacity 14789K, committed 14796K, reserved 1048576K
}
Event: 36.936 GC heap after
{Heap after GC invocations=27 (full 0):
 garbage-first heap   total 284672K, used 120942K [0x0000000080000000, 0x0000000100000000)
  region size 1024K, 6 young (6144K), 6 survivors (6144K)
 Metaspace       used 106124K, capacity 108955K, committed 109040K, reserved 1144832K
  class space    used 13685K, capacity 14789K, committed 14796K, reserved 1048576K
}
Event: 37.996 GC heap before
{Heap before GC invocations=27 (full 0):
 garbage-first heap   total 284672K, used 234606K [0x0000000080000000, 0x0000000100000000)
  region size 1024K, 118 young (120832K), 6 survivors (6144K)
 Metaspace       used 106184K, capacity 108959K, committed 109040K, reserved 1144832K
  class space    used 13691K, capacity 14790K, committed 14796K, reserved 1048576K
}
Event: 38.014 GC heap after
{Heap after GC invocations=28 (full 0):
 garbage-first heap   total 284672K, used 123904K [0x0000000080000000, 0x0000000100000000)
  region size 1024K, 8 young (8192K), 8 survivors (8192K)
 Metaspace       used 106184K, capacity 108959K, committed 109040K, reserved 1144832K
  class space    used 13691K, capacity 14790K, committed 14796K, reserved 1048576K
}
Event: 39.267 GC heap before
{Heap before GC invocations=28 (full 0):
 garbage-first heap   total 284672K, used 238592K [0x0000000080000000, 0x0000000100000000)
  region size 1024K, 120 young (122880K), 8 survivors (8192K)
 Metaspace       used 106233K, capacity 109047K, committed 109424K, reserved 1144832K
  class space    used 13696K, capacity 14798K, committed 14924K, reserved 1048576K
}
Event: 39.284 GC heap after
{Heap after GC invocations=29 (full 0):
 garbage-first heap   total 284672K, used 123281K [0x0000000080000000, 0x0000000100000000)
  region size 1024K, 7 young (7168K), 7 survivors (7168K)
 Metaspace       used 106233K, capacity 109047K, committed 109424K, reserved 1144832K
  class space    used 13696K, capacity 14798K, committed 14924K, reserved 1048576K
}
Event: 40.403 GC heap before
{Heap before GC invocations=29 (full 0):
 garbage-first heap   total 284672K, used 238993K [0x0000000080000000, 0x0000000100000000)
  region size 1024K, 121 young (123904K), 7 survivors (7168K)
 Metaspace       used 106347K, capacity 109166K, committed 109424K, reserved 1144832K
  class space    used 13701K, capacity 14806K, committed 14924K, reserved 1048576K
}
Event: 40.420 GC heap after
{Heap after GC invocations=30 (full 0):
 garbage-first heap   total 284672K, used 124291K [0x0000000080000000, 0x0000000100000000)
  region size 1024K, 8 young (8192K), 8 survivors (8192K)
 Metaspace       used 106347K, capacity 109166K, committed 109424K, reserved 1144832K
  class space    used 13701K, capacity 14806K, committed 14924K, reserved 1048576K
}
Event: 41.380 GC heap before
{Heap before GC invocations=30 (full 0):
 garbage-first heap   total 284672K, used 240003K [0x0000000080000000, 0x0000000100000000)
  region size 1024K, 121 young (123904K), 8 survivors (8192K)
 Metaspace       used 106416K, capacity 109239K, committed 109424K, reserved 1144832K
  class space    used 13701K, capacity 14806K, committed 14924K, reserved 1048576K
}
Event: 41.395 GC heap after
{Heap after GC invocations=31 (full 0):
 garbage-first heap   total 284672K, used 122970K [0x0000000080000000, 0x0000000100000000)
  region size 1024K, 7 young (7168K), 7 survivors (7168K)
 Metaspace       used 106416K, capacity 109239K, committed 109424K, reserved 1144832K
  class space    used 13701K, capacity 14806K, committed 14924K, reserved 1048576K
}

