# JRE version: OpenJDK Runtime Environment (11.0.12+7) (build 11.0.12+7-b1504.28-7817840)
# Java VM: OpenJDK 64-Bit Server VM (11.0.12+7-b1504.28-7817840, mixed mode, tiered, compressed oops, g1 gc, windows-amd64)
Heap:
 garbage-first heap   total 284672K, used 141736K [0x0000000080000000, 0x0000000100000000)
  region size 1024K, 4 young (4096K), 4 survivors (4096K)
 Metaspace       used 130851K, capacity 133849K, committed 134348K, reserved 1167360K
  class space    used 15899K, capacity 16953K, committed 17100K, reserved 1048576K
GC Heap History (20 events):
Event: 8436.384 GC heap after
{Heap after GC invocations=90 (full 0):
 garbage-first heap   total 196608K, used 152514K [0x0000000080000000, 0x0000000100000000)
  region size 1024K, 1 young (1024K), 1 survivors (1024K)
 Metaspace       used 124695K, capacity 127660K, committed 128204K, reserved 1161216K
  class space    used 15409K, capacity 16449K, committed 16588K, reserved 1048576K
}
Event: 8437.225 GC heap before
{Heap before GC invocations=91 (full 0):
 garbage-first heap   total 196608K, used 175042K [0x0000000080000000, 0x0000000100000000)
  region size 1024K, 15 young (15360K), 1 survivors (1024K)
 Metaspace       used 124941K, capacity 127884K, committed 128588K, reserved 1161216K
  class space    used 15430K, capacity 16481K, committed 16716K, reserved 1048576K
}
Event: 8437.240 GC heap after
{Heap after GC invocations=92 (full 0):
 garbage-first heap   total 196608K, used 154437K [0x0000000080000000, 0x0000000100000000)
  region size 1024K, 2 young (2048K), 2 survivors (2048K)
 Metaspace       used 124941K, capacity 127884K, committed 128588K, reserved 1161216K
  class space    used 15430K, capacity 16481K, committed 16716K, reserved 1048576K
}
Event: 8437.492 GC heap before
{Heap before GC invocations=92 (full 0):
 garbage-first heap   total 196608K, used 160581K [0x0000000080000000, 0x0000000100000000)
  region size 1024K, 9 young (9216K), 2 survivors (2048K)
 Metaspace       used 124967K, capacity 127884K, committed 128588K, reserved 1161216K
  class space    used 15430K, capacity 16481K, committed 16716K, reserved 1048576K
}
Event: 8437.512 GC heap after
{Heap after GC invocations=93 (full 0):
 garbage-first heap   total 196608K, used 153703K [0x0000000080000000, 0x0000000100000000)
  region size 1024K, 2 young (2048K), 2 survivors (2048K)
 Metaspace       used 124967K, capacity 127884K, committed 128588K, reserved 1161216K
  class space    used 15430K, capacity 16481K, committed 16716K, reserved 1048576K
}
Event: 8438.083 GC heap before
{Heap before GC invocations=93 (full 0):
 garbage-first heap   total 196608K, used 167015K [0x0000000080000000, 0x0000000100000000)
  region size 1024K, 15 young (15360K), 2 survivors (2048K)
 Metaspace       used 125063K, capacity 128017K, committed 128588K, reserved 1161216K
  class space    used 15436K, capacity 16482K, committed 16716K, reserved 1048576K
}
Event: 8438.095 GC heap after
{Heap after GC invocations=94 (full 0):
 garbage-first heap   total 196608K, used 154884K [0x0000000080000000, 0x0000000100000000)
  region size 1024K, 1 young (1024K), 1 survivors (1024K)
 Metaspace       used 125063K, capacity 128017K, committed 128588K, reserved 1161216K
  class space    used 15436K, capacity 16482K, committed 16716K, reserved 1048576K
}
Event: 8438.808 GC heap before
{Heap before GC invocations=95 (full 0):
 garbage-first heap   total 196608K, used 184580K [0x0000000080000000, 0x0000000100000000)
  region size 1024K, 14 young (14336K), 1 survivors (1024K)
 Metaspace       used 125295K, capacity 128257K, committed 128844K, reserved 1161216K
  class space    used 15453K, capacity 16491K, committed 16716K, reserved 1048576K
}
Event: 8438.818 GC heap after
{Heap after GC invocations=96 (full 0):
 garbage-first heap   total 196608K, used 155393K [0x0000000080000000, 0x0000000100000000)
  region size 1024K, 2 young (2048K), 2 survivors (2048K)
 Metaspace       used 125295K, capacity 128257K, committed 128844K, reserved 1161216K
  class space    used 15453K, capacity 16491K, committed 16716K, reserved 1048576K
}
Event: 8438.864 GC heap before
{Heap before GC invocations=96 (full 0):
 garbage-first heap   total 196608K, used 162561K [0x0000000080000000, 0x0000000100000000)
  region size 1024K, 9 young (9216K), 2 survivors (2048K)
 Metaspace       used 125341K, capacity 128310K, committed 128844K, reserved 1161216K
  class space    used 15458K, capacity 16527K, committed 16716K, reserved 1048576K
}
Event: 8438.873 GC heap after
{Heap after GC invocations=97 (full 0):
 garbage-first heap   total 196608K, used 155642K [0x0000000080000000, 0x0000000100000000)
  region size 1024K, 2 young (2048K), 2 survivors (2048K)
 Metaspace       used 125341K, capacity 128310K, committed 128844K, reserved 1161216K
  class space    used 15458K, capacity 16527K, committed 16716K, reserved 1048576K
}
Event: 8438.994 GC heap before
{Heap before GC invocations=97 (full 0):
 garbage-first heap   total 196608K, used 167930K [0x0000000080000000, 0x0000000100000000)
  region size 1024K, 15 young (15360K), 2 survivors (2048K)
 Metaspace       used 125384K, capacity 128321K, committed 128844K, reserved 1161216K
  class space    used 15461K, capacity 16529K, committed 16716K, reserved 1048576K
}
Event: 8439.007 GC heap after
{Heap after GC invocations=98 (full 0):
 garbage-first heap   total 236544K, used 158551K [0x0000000080000000, 0x0000000100000000)
  region size 1024K, 2 young (2048K), 2 survivors (2048K)
 Metaspace       used 125384K, capacity 128321K, committed 128844K, reserved 1161216K
  class space    used 15461K, capacity 16529K, committed 16716K, reserved 1048576K
}
Event: 8440.216 GC heap before
{Heap before GC invocations=99 (full 0):
 garbage-first heap   total 236544K, used 172887K [0x0000000080000000, 0x0000000100000000)
  region size 1024K, 28 young (28672K), 2 survivors (2048K)
 Metaspace       used 128805K, capacity 131739K, committed 132428K, reserved 1165312K
  class space    used 15726K, capacity 16785K, committed 16972K, reserved 1048576K
}
Event: 8440.229 GC heap after
{Heap after GC invocations=100 (full 0):
 garbage-first heap   total 236544K, used 150593K [0x0000000080000000, 0x0000000100000000)
  region size 1024K, 4 young (4096K), 4 survivors (4096K)
 Metaspace       used 128805K, capacity 131739K, committed 132428K, reserved 1165312K
  class space    used 15726K, capacity 16785K, committed 16972K, reserved 1048576K
}
Event: 8440.434 GC heap before
{Heap before GC invocations=100 (full 0):
 garbage-first heap   total 236544K, used 157761K [0x0000000080000000, 0x0000000100000000)
  region size 1024K, 11 young (11264K), 4 survivors (4096K)
 Metaspace       used 128933K, capacity 131867K, committed 132428K, reserved 1165312K
  class space    used 15729K, capacity 16785K, committed 16972K, reserved 1048576K
}
Event: 8440.452 GC heap after
{Heap after GC invocations=101 (full 0):
 garbage-first heap   total 236544K, used 140194K [0x0000000080000000, 0x0000000100000000)
  region size 1024K, 2 young (2048K), 2 survivors (2048K)
 Metaspace       used 128933K, capacity 131867K, committed 132428K, reserved 1165312K
  class space    used 15729K, capacity 16785K, committed 16972K, reserved 1048576K
}
Event: 8440.999 GC heap before
{Heap before GC invocations=101 (full 0):
 garbage-first heap   total 236544K, used 173986K [0x0000000080000000, 0x0000000100000000)
  region size 1024K, 35 young (35840K), 2 survivors (2048K)
 Metaspace       used 129515K, capacity 132411K, committed 132940K, reserved 1165312K
  class space    used 15767K, capacity 16817K, committed 16972K, reserved 1048576K
}
Event: 8441.014 GC heap after
{Heap after GC invocations=102 (full 0):
 garbage-first heap   total 236544K, used 141052K [0x0000000080000000, 0x0000000100000000)
  region size 1024K, 3 young (3072K), 3 survivors (3072K)
 Metaspace       used 129515K, capacity 132411K, committed 132940K, reserved 1165312K
  class space    used 15767K, capacity 16817K, committed 16972K, reserved 1048576K
}
Event: 8442.290 GC heap before
{Heap before GC invocations=103 (full 0):
 garbage-first heap   total 236544K, used 175868K [0x0000000080000000, 0x0000000100000000)
  region size 1024K, 38 young (38912K), 3 survivors (3072K)
 Metaspace       used 130851K, capacity 133849K, committed 134348K, reserved 1167360K
  class space    used 15899K, capacity 16953K, committed 17100K, reserved 1048576K
}

