# JRE version: OpenJDK Runtime Environment (11.0.12+7) (build 11.0.12+7-b1504.28-7817840)
# Java VM: OpenJDK 64-Bit Server VM (11.0.12+7-b1504.28-7817840, mixed mode, tiered, compressed oops, g1 gc, windows-amd64)
Heap:
 garbage-first heap   total 236544K, used 119436K [0x0000000080000000, 0x0000000100000000)
  region size 1024K, 35 young (35840K), 9 survivors (9216K)
 Metaspace       used 106202K, capacity 109071K, committed 109296K, reserved 1144832K
  class space    used 13754K, capacity 14915K, committed 15000K, reserved 1048576K
GC Heap History (20 events):
Event: 11.945 GC heap before
{Heap before GC invocations=10 (full 0):
 garbage-first heap   total 196608K, used 140274K [0x0000000080000000, 0x0000000100000000)
  region size 1024K, 115 young (117760K), 14 survivors (14336K)
 Metaspace       used 50059K, capacity 51359K, committed 51656K, reserved 1093632K
  class space    used 6400K, capacity 6883K, committed 6988K, reserved 1048576K
}
Event: 11.977 GC heap after
{Heap after GC invocations=11 (full 0):
 garbage-first heap   total 196608K, used 47233K [0x0000000080000000, 0x0000000100000000)
  region size 1024K, 15 young (15360K), 15 survivors (15360K)
 Metaspace       used 50059K, capacity 51359K, committed 51656K, reserved 1093632K
  class space    used 6400K, capacity 6883K, committed 6988K, reserved 1048576K
}
Event: 13.540 GC heap before
{Heap before GC invocations=11 (full 0):
 garbage-first heap   total 196608K, used 106625K [0x0000000080000000, 0x0000000100000000)
  region size 1024K, 74 young (75776K), 15 survivors (15360K)
 Metaspace       used 58625K, capacity 60009K, committed 60068K, reserved 1101824K
  class space    used 7459K, capacity 7992K, committed 8012K, reserved 1048576K
}
Event: 13.572 GC heap after
{Heap after GC invocations=12 (full 0):
 garbage-first heap   total 196608K, used 51200K [0x0000000080000000, 0x0000000100000000)
  region size 1024K, 3 young (3072K), 3 survivors (3072K)
 Metaspace       used 58625K, capacity 60009K, committed 60068K, reserved 1101824K
  class space    used 7459K, capacity 7992K, committed 8012K, reserved 1048576K
}
Event: 15.447 GC heap before
{Heap before GC invocations=13 (full 0):
 garbage-first heap   total 196608K, used 132096K [0x0000000080000000, 0x0000000100000000)
  region size 1024K, 82 young (83968K), 3 survivors (3072K)
 Metaspace       used 66293K, capacity 67748K, committed 68080K, reserved 1107968K
  class space    used 8438K, capacity 8982K, committed 9112K, reserved 1048576K
}
Event: 15.467 GC heap after
{Heap after GC invocations=14 (full 0):
 garbage-first heap   total 236544K, used 56257K [0x0000000080000000, 0x0000000100000000)
  region size 1024K, 8 young (8192K), 8 survivors (8192K)
 Metaspace       used 66293K, capacity 67748K, committed 68080K, reserved 1107968K
  class space    used 8438K, capacity 8982K, committed 9112K, reserved 1048576K
}
Event: 17.613 GC heap before
{Heap before GC invocations=15 (full 0):
 garbage-first heap   total 236544K, used 155585K [0x0000000080000000, 0x0000000100000000)
  region size 1024K, 105 young (107520K), 8 survivors (8192K)
 Metaspace       used 73345K, capacity 74925K, committed 74992K, reserved 1114112K
  class space    used 9500K, capacity 10103K, committed 10136K, reserved 1048576K
}
Event: 17.638 GC heap after
{Heap after GC invocations=16 (full 0):
 garbage-first heap   total 236544K, used 62807K [0x0000000080000000, 0x0000000100000000)
  region size 1024K, 13 young (13312K), 13 survivors (13312K)
 Metaspace       used 73345K, capacity 74925K, committed 74992K, reserved 1114112K
  class space    used 9500K, capacity 10103K, committed 10136K, reserved 1048576K
}
Event: 20.271 GC heap before
{Heap before GC invocations=16 (full 0):
 garbage-first heap   total 236544K, used 163159K [0x0000000080000000, 0x0000000100000000)
  region size 1024K, 111 young (113664K), 13 survivors (13312K)
 Metaspace       used 82567K, capacity 84343K, committed 84592K, reserved 1122304K
  class space    used 10767K, capacity 11455K, committed 11544K, reserved 1048576K
}
Event: 20.302 GC heap after
{Heap after GC invocations=17 (full 0):
 garbage-first heap   total 236544K, used 69735K [0x0000000080000000, 0x0000000100000000)
  region size 1024K, 14 young (14336K), 14 survivors (14336K)
 Metaspace       used 82567K, capacity 84343K, committed 84592K, reserved 1122304K
  class space    used 10767K, capacity 11455K, committed 11544K, reserved 1048576K
}
Event: 23.081 GC heap before
{Heap before GC invocations=17 (full 0):
 garbage-first heap   total 236544K, used 168039K [0x0000000080000000, 0x0000000100000000)
  region size 1024K, 111 young (113664K), 14 survivors (14336K)
 Metaspace       used 85604K, capacity 87675K, committed 87920K, reserved 1126400K
  class space    used 11176K, capacity 11958K, committed 12056K, reserved 1048576K
}
Event: 23.120 GC heap after
{Heap after GC invocations=18 (full 0):
 garbage-first heap   total 236544K, used 77267K [0x0000000080000000, 0x0000000100000000)
  region size 1024K, 14 young (14336K), 14 survivors (14336K)
 Metaspace       used 85604K, capacity 87675K, committed 87920K, reserved 1126400K
  class space    used 11176K, capacity 11958K, committed 12056K, reserved 1048576K
}
Event: 25.187 GC heap before
{Heap before GC invocations=18 (full 0):
 garbage-first heap   total 236544K, used 174547K [0x0000000080000000, 0x0000000100000000)
  region size 1024K, 110 young (112640K), 14 survivors (14336K)
 Metaspace       used 90369K, capacity 92475K, committed 92656K, reserved 1130496K
  class space    used 11731K, capacity 12547K, committed 12696K, reserved 1048576K
}
Event: 25.221 GC heap after
{Heap after GC invocations=19 (full 0):
 garbage-first heap   total 236544K, used 81920K [0x0000000080000000, 0x0000000100000000)
  region size 1024K, 12 young (12288K), 12 survivors (12288K)
 Metaspace       used 90369K, capacity 92475K, committed 92656K, reserved 1130496K
  class space    used 11731K, capacity 12547K, committed 12696K, reserved 1048576K
}
Event: 27.772 GC heap before
{Heap before GC invocations=19 (full 0):
 garbage-first heap   total 236544K, used 180224K [0x0000000080000000, 0x0000000100000000)
  region size 1024K, 109 young (111616K), 12 survivors (12288K)
 Metaspace       used 102525K, capacity 105037K, committed 105200K, reserved 1140736K
  class space    used 13429K, capacity 14420K, committed 14488K, reserved 1048576K
}
Event: 27.809 GC heap after
{Heap after GC invocations=20 (full 0):
 garbage-first heap   total 236544K, used 89600K [0x0000000080000000, 0x0000000100000000)
  region size 1024K, 13 young (13312K), 13 survivors (13312K)
 Metaspace       used 102525K, capacity 105037K, committed 105200K, reserved 1140736K
  class space    used 13429K, capacity 14420K, committed 14488K, reserved 1048576K
}
Event: 30.390 GC heap before
{Heap before GC invocations=20 (full 0):
 garbage-first heap   total 236544K, used 183808K [0x0000000080000000, 0x0000000100000000)
  region size 1024K, 106 young (108544K), 13 survivors (13312K)
 Metaspace       used 105505K, capacity 108354K, committed 108400K, reserved 1142784K
  class space    used 13721K, capacity 14872K, committed 14872K, reserved 1048576K
}
Event: 30.426 GC heap after
{Heap after GC invocations=21 (full 0):
 garbage-first heap   total 236544K, used 90086K [0x0000000080000000, 0x0000000100000000)
  region size 1024K, 8 young (8192K), 8 survivors (8192K)
 Metaspace       used 105505K, capacity 108354K, committed 108400K, reserved 1142784K
  class space    used 13721K, capacity 14872K, committed 14872K, reserved 1048576K
}
Event: 31.938 GC heap before
{Heap before GC invocations=21 (full 0):
 garbage-first heap   total 236544K, used 187366K [0x0000000080000000, 0x0000000100000000)
  region size 1024K, 104 young (106496K), 8 survivors (8192K)
 Metaspace       used 106122K, capacity 108976K, committed 109296K, reserved 1144832K
  class space    used 13747K, capacity 14906K, committed 15000K, reserved 1048576K
}
Event: 31.961 GC heap after
{Heap after GC invocations=22 (full 0):
 garbage-first heap   total 236544K, used 94860K [0x0000000080000000, 0x0000000100000000)
  region size 1024K, 9 young (9216K), 9 survivors (9216K)
 Metaspace       used 106122K, capacity 108976K, committed 109296K, reserved 1144832K
  class space    used 13747K, capacity 14906K, committed 15000K, reserved 1048576K
}

