# JRE version: OpenJDK Runtime Environment (11.0.12+7) (build 11.0.12+7-b1504.28-7817840)
# Java VM: OpenJDK 64-Bit Server VM (11.0.12+7-b1504.28-7817840, mixed mode, tiered, compressed oops, g1 gc, windows-amd64)
Heap:
 garbage-first heap   total 284672K, used 95232K [0x0000000080000000, 0x0000000100000000)
  region size 1024K, 20 young (20480K), 13 survivors (13312K)
 Metaspace       used 91436K, capacity 93541K, committed 93680K, reserved 1144832K
  class space    used 11859K, capacity 12665K, committed 12748K, reserved 1048576K
GC Heap History (20 events):
Event: 12.519 GC heap before
{Heap before GC invocations=9 (full 0):
 garbage-first heap   total 196608K, used 106496K [0x0000000080000000, 0x0000000100000000)
  region size 1024K, 86 young (88064K), 6 survivors (6144K)
 Metaspace       used 41665K, capacity 42696K, committed 42824K, reserved 1087488K
  class space    used 5348K, capacity 5721K, committed 5836K, reserved 1048576K
}
Event: 12.541 GC heap after
{Heap after GC invocations=10 (full 0):
 garbage-first heap   total 196608K, used 29143K [0x0000000080000000, 0x0000000100000000)
  region size 1024K, 11 young (11264K), 11 survivors (11264K)
 Metaspace       used 41665K, capacity 42696K, committed 42824K, reserved 1087488K
  class space    used 5348K, capacity 5721K, committed 5836K, reserved 1048576K
}
Event: 14.481 GC heap before
{Heap before GC invocations=10 (full 0):
 garbage-first heap   total 196608K, used 120279K [0x0000000080000000, 0x0000000100000000)
  region size 1024K, 100 young (102400K), 11 survivors (11264K)
 Metaspace       used 48176K, capacity 49390K, committed 49608K, reserved 1091584K
  class space    used 6176K, capacity 6649K, committed 6732K, reserved 1048576K
}
Event: 14.506 GC heap after
{Heap after GC invocations=11 (full 0):
 garbage-first heap   total 196608K, used 32894K [0x0000000080000000, 0x0000000100000000)
  region size 1024K, 10 young (10240K), 10 survivors (10240K)
 Metaspace       used 48176K, capacity 49390K, committed 49608K, reserved 1091584K
  class space    used 6176K, capacity 6649K, committed 6732K, reserved 1048576K
}
Event: 16.951 GC heap before
{Heap before GC invocations=11 (full 0):
 garbage-first heap   total 196608K, used 138366K [0x0000000080000000, 0x0000000100000000)
  region size 1024K, 106 young (108544K), 10 survivors (10240K)
 Metaspace       used 58049K, capacity 59438K, committed 59592K, reserved 1101824K
  class space    used 7398K, capacity 7929K, committed 8012K, reserved 1048576K
}
Event: 16.993 GC heap after
{Heap after GC invocations=12 (full 0):
 garbage-first heap   total 236544K, used 51200K [0x0000000080000000, 0x0000000100000000)
  region size 1024K, 14 young (14336K), 14 survivors (14336K)
 Metaspace       used 58049K, capacity 59438K, committed 59592K, reserved 1101824K
  class space    used 7398K, capacity 7929K, committed 8012K, reserved 1048576K
}
Event: 17.042 GC heap before
{Heap before GC invocations=12 (full 0):
 garbage-first heap   total 236544K, used 51200K [0x0000000080000000, 0x0000000100000000)
  region size 1024K, 15 young (15360K), 14 survivors (14336K)
 Metaspace       used 58489K, capacity 59898K, committed 60068K, reserved 1101824K
  class space    used 7452K, capacity 7997K, committed 8012K, reserved 1048576K
}
Event: 17.097 GC heap after
{Heap after GC invocations=13 (full 0):
 garbage-first heap   total 236544K, used 53248K [0x0000000080000000, 0x0000000100000000)
  region size 1024K, 2 young (2048K), 2 survivors (2048K)
 Metaspace       used 58489K, capacity 59898K, committed 60068K, reserved 1101824K
  class space    used 7452K, capacity 7997K, committed 8012K, reserved 1048576K
}
Event: 19.235 GC heap before
{Heap before GC invocations=14 (full 0):
 garbage-first heap   total 236544K, used 140288K [0x0000000080000000, 0x0000000100000000)
  region size 1024K, 87 young (89088K), 2 survivors (2048K)
 Metaspace       used 67108K, capacity 68619K, committed 68848K, reserved 1110016K
  class space    used 8539K, capacity 9119K, committed 9164K, reserved 1048576K
}
Event: 19.249 GC heap after
{Heap after GC invocations=15 (full 0):
 garbage-first heap   total 236544K, used 57344K [0x0000000080000000, 0x0000000100000000)
  region size 1024K, 6 young (6144K), 6 survivors (6144K)
 Metaspace       used 67108K, capacity 68619K, committed 68848K, reserved 1110016K
  class space    used 8539K, capacity 9119K, committed 9164K, reserved 1048576K
}
Event: 21.139 GC heap before
{Heap before GC invocations=16 (full 0):
 garbage-first heap   total 236544K, used 149504K [0x0000000080000000, 0x0000000100000000)
  region size 1024K, 96 young (98304K), 6 survivors (6144K)
 Metaspace       used 73350K, capacity 74928K, committed 75248K, reserved 1114112K
  class space    used 9501K, capacity 10103K, committed 10188K, reserved 1048576K
}
Event: 21.161 GC heap after
{Heap after GC invocations=17 (full 0):
 garbage-first heap   total 236544K, used 63940K [0x0000000080000000, 0x0000000100000000)
  region size 1024K, 12 young (12288K), 12 survivors (12288K)
 Metaspace       used 73350K, capacity 74928K, committed 75248K, reserved 1114112K
  class space    used 9501K, capacity 10103K, committed 10188K, reserved 1048576K
}
Event: 23.543 GC heap before
{Heap before GC invocations=17 (full 0):
 garbage-first heap   total 236544K, used 157124K [0x0000000080000000, 0x0000000100000000)
  region size 1024K, 103 young (105472K), 12 survivors (12288K)
 Metaspace       used 82081K, capacity 83833K, committed 83952K, reserved 1122304K
  class space    used 10687K, capacity 11372K, committed 11468K, reserved 1048576K
}
Event: 23.573 GC heap after
{Heap after GC invocations=18 (full 0):
 garbage-first heap   total 236544K, used 70922K [0x0000000080000000, 0x0000000100000000)
  region size 1024K, 13 young (13312K), 13 survivors (13312K)
 Metaspace       used 82081K, capacity 83833K, committed 83952K, reserved 1122304K
  class space    used 10687K, capacity 11372K, committed 11468K, reserved 1048576K
}
Event: 26.085 GC heap before
{Heap before GC invocations=18 (full 0):
 garbage-first heap   total 236544K, used 164106K [0x0000000080000000, 0x0000000100000000)
  region size 1024K, 105 young (107520K), 13 survivors (13312K)
 Metaspace       used 85460K, capacity 87499K, committed 87792K, reserved 1126400K
  class space    used 11158K, capacity 11935K, committed 11980K, reserved 1048576K
}
Event: 26.127 GC heap after
{Heap after GC invocations=19 (full 0):
 garbage-first heap   total 236544K, used 77477K [0x0000000080000000, 0x0000000100000000)
  region size 1024K, 13 young (13312K), 13 survivors (13312K)
 Metaspace       used 85460K, capacity 87499K, committed 87792K, reserved 1126400K
  class space    used 11158K, capacity 11935K, committed 11980K, reserved 1048576K
}
Event: 27.990 GC heap before
{Heap before GC invocations=19 (full 0):
 garbage-first heap   total 236544K, used 170661K [0x0000000080000000, 0x0000000100000000)
  region size 1024K, 105 young (107520K), 13 survivors (13312K)
 Metaspace       used 88594K, capacity 90692K, committed 90992K, reserved 1128448K
  class space    used 11476K, capacity 12250K, committed 12364K, reserved 1048576K
}
Event: 28.029 GC heap after
{Heap after GC invocations=20 (full 0):
 garbage-first heap   total 284672K, used 83006K [0x0000000080000000, 0x0000000100000000)
  region size 1024K, 13 young (13312K), 13 survivors (13312K)
 Metaspace       used 88594K, capacity 90692K, committed 90992K, reserved 1128448K
  class space    used 11476K, capacity 12250K, committed 12364K, reserved 1048576K
}
Event: 28.513 GC heap before
{Heap before GC invocations=20 (full 0):
 garbage-first heap   total 284672K, used 137278K [0x0000000080000000, 0x0000000100000000)
  region size 1024K, 68 young (69632K), 13 survivors (13312K)
 Metaspace       used 91159K, capacity 93253K, committed 93424K, reserved 1136640K
  class space    used 11824K, capacity 12633K, committed 12748K, reserved 1048576K
}
Event: 28.543 GC heap after
{Heap after GC invocations=21 (full 0):
 garbage-first heap   total 284672K, used 90112K [0x0000000080000000, 0x0000000100000000)
  region size 1024K, 13 young (13312K), 13 survivors (13312K)
 Metaspace       used 91159K, capacity 93253K, committed 93424K, reserved 1136640K
  class space    used 11824K, capacity 12633K, committed 12748K, reserved 1048576K
}

