# JRE version: OpenJDK Runtime Environment (11.0.12+7) (build 11.0.12+7-b1504.28-7817840)
# Java VM: OpenJDK 64-Bit Server VM (11.0.12+7-b1504.28-7817840, mixed mode, tiered, compressed oops, g1 gc, windows-amd64)
Heap:
 garbage-first heap   total 236544K, used 169078K [0x0000000080000000, 0x0000000100000000)
  region size 1024K, 45 young (46080K), 2 survivors (2048K)
 Metaspace       used 104053K, capacity 106499K, committed 106572K, reserved 1140736K
  class space    used 13398K, capacity 14350K, committed 14412K, reserved 1048576K
GC Heap History (20 events):
Event: 44.269 GC heap before
{Heap before GC invocations=25 (full 0):
 garbage-first heap   total 196608K, used 153023K [0x0000000080000000, 0x0000000100000000)
  region size 1024K, 38 young (38912K), 5 survivors (5120K)
 Metaspace       used 101284K, capacity 103657K, committed 103884K, reserved 1138688K
  class space    used 13213K, capacity 14133K, committed 14284K, reserved 1048576K
}
Event: 44.293 GC heap after
{Heap after GC invocations=26 (full 0):
 garbage-first heap   total 196608K, used 124106K [0x0000000080000000, 0x0000000100000000)
  region size 1024K, 5 young (5120K), 5 survivors (5120K)
 Metaspace       used 101284K, capacity 103657K, committed 103884K, reserved 1138688K
  class space    used 13213K, capacity 14133K, committed 14284K, reserved 1048576K
}
Event: 45.841 GC heap before
{Heap before GC invocations=26 (full 0):
 garbage-first heap   total 196608K, used 155850K [0x0000000080000000, 0x0000000100000000)
  region size 1024K, 36 young (36864K), 5 survivors (5120K)
 Metaspace       used 102549K, capacity 104908K, committed 105164K, reserved 1140736K
  class space    used 13295K, capacity 14217K, committed 14284K, reserved 1048576K
}
Event: 45.853 GC heap after
{Heap after GC invocations=27 (full 0):
 garbage-first heap   total 196608K, used 124794K [0x0000000080000000, 0x0000000100000000)
  region size 1024K, 1 young (1024K), 1 survivors (1024K)
 Metaspace       used 102549K, capacity 104908K, committed 105164K, reserved 1140736K
  class space    used 13295K, capacity 14217K, committed 14284K, reserved 1048576K
}
Event: 47.441 GC heap before
{Heap before GC invocations=28 (full 0):
 garbage-first heap   total 196608K, used 158586K [0x0000000080000000, 0x0000000100000000)
  region size 1024K, 34 young (34816K), 1 survivors (1024K)
 Metaspace       used 103216K, capacity 105544K, committed 105676K, reserved 1140736K
  class space    used 13324K, capacity 14251K, committed 14284K, reserved 1048576K
}
Event: 47.447 GC heap after
{Heap after GC invocations=29 (full 0):
 garbage-first heap   total 196608K, used 124517K [0x0000000080000000, 0x0000000100000000)
  region size 1024K, 1 young (1024K), 1 survivors (1024K)
 Metaspace       used 103216K, capacity 105544K, committed 105676K, reserved 1140736K
  class space    used 13324K, capacity 14251K, committed 14284K, reserved 1048576K
}
Event: 48.258 GC heap before
{Heap before GC invocations=29 (full 0):
 garbage-first heap   total 196608K, used 160357K [0x0000000080000000, 0x0000000100000000)
  region size 1024K, 36 young (36864K), 1 survivors (1024K)
 Metaspace       used 103682K, capacity 106028K, committed 106316K, reserved 1140736K
  class space    used 13370K, capacity 14302K, committed 14412K, reserved 1048576K
}
Event: 48.264 GC heap after
{Heap after GC invocations=30 (full 0):
 garbage-first heap   total 196608K, used 124844K [0x0000000080000000, 0x0000000100000000)
  region size 1024K, 1 young (1024K), 1 survivors (1024K)
 Metaspace       used 103682K, capacity 106028K, committed 106316K, reserved 1140736K
  class space    used 13370K, capacity 14302K, committed 14412K, reserved 1048576K
}
Event: 49.481 GC heap before
{Heap before GC invocations=31 (full 0):
 garbage-first heap   total 196608K, used 161708K [0x0000000080000000, 0x0000000100000000)
  region size 1024K, 37 young (37888K), 1 survivors (1024K)
 Metaspace       used 103847K, capacity 106250K, committed 106572K, reserved 1140736K
  class space    used 13387K, capacity 14333K, committed 14412K, reserved 1048576K
}
Event: 49.490 GC heap after
{Heap after GC invocations=32 (full 0):
 garbage-first heap   total 236544K, used 125304K [0x0000000080000000, 0x0000000100000000)
  region size 1024K, 2 young (2048K), 2 survivors (2048K)
 Metaspace       used 103847K, capacity 106250K, committed 106572K, reserved 1140736K
  class space    used 13387K, capacity 14333K, committed 14412K, reserved 1048576K
}
Event: 49.694 GC heap before
{Heap before GC invocations=32 (full 0):
 garbage-first heap   total 236544K, used 134520K [0x0000000080000000, 0x0000000100000000)
  region size 1024K, 11 young (11264K), 2 survivors (2048K)
 Metaspace       used 103876K, capacity 106329K, committed 106572K, reserved 1140736K
  class space    used 13389K, capacity 14337K, committed 14412K, reserved 1048576K
}
Event: 49.701 GC heap after
{Heap after GC invocations=33 (full 0):
 garbage-first heap   total 236544K, used 125189K [0x0000000080000000, 0x0000000100000000)
  region size 1024K, 1 young (1024K), 1 survivors (1024K)
 Metaspace       used 103876K, capacity 106329K, committed 106572K, reserved 1140736K
  class space    used 13389K, capacity 14337K, committed 14412K, reserved 1048576K
}
Event: 50.409 GC heap before
{Heap before GC invocations=33 (full 0):
 garbage-first heap   total 236544K, used 179461K [0x0000000080000000, 0x0000000100000000)
  region size 1024K, 54 young (55296K), 1 survivors (1024K)
 Metaspace       used 103924K, capacity 106335K, committed 106572K, reserved 1140736K
  class space    used 13390K, capacity 14338K, committed 14412K, reserved 1048576K
}
Event: 50.417 GC heap after
{Heap after GC invocations=34 (full 0):
 garbage-first heap   total 236544K, used 126542K [0x0000000080000000, 0x0000000100000000)
  region size 1024K, 3 young (3072K), 3 survivors (3072K)
 Metaspace       used 103924K, capacity 106335K, committed 106572K, reserved 1140736K
  class space    used 13390K, capacity 14338K, committed 14412K, reserved 1048576K
}
Event: 51.449 GC heap before
{Heap before GC invocations=35 (full 0):
 garbage-first heap   total 236544K, used 181838K [0x0000000080000000, 0x0000000100000000)
  region size 1024K, 57 young (58368K), 3 survivors (3072K)
 Metaspace       used 103947K, capacity 106338K, committed 106572K, reserved 1140736K
  class space    used 13391K, capacity 14339K, committed 14412K, reserved 1048576K
}
Event: 51.462 GC heap after
{Heap after GC invocations=36 (full 0):
 garbage-first heap   total 236544K, used 127673K [0x0000000080000000, 0x0000000100000000)
  region size 1024K, 4 young (4096K), 4 survivors (4096K)
 Metaspace       used 103947K, capacity 106338K, committed 106572K, reserved 1140736K
  class space    used 13391K, capacity 14339K, committed 14412K, reserved 1048576K
}
Event: 52.511 GC heap before
{Heap before GC invocations=36 (full 0):
 garbage-first heap   total 236544K, used 185017K [0x0000000080000000, 0x0000000100000000)
  region size 1024K, 60 young (61440K), 4 survivors (4096K)
 Metaspace       used 103995K, capacity 106416K, committed 106572K, reserved 1140736K
  class space    used 13394K, capacity 14344K, committed 14412K, reserved 1048576K
}
Event: 52.520 GC heap after
{Heap after GC invocations=37 (full 0):
 garbage-first heap   total 236544K, used 126941K [0x0000000080000000, 0x0000000100000000)
  region size 1024K, 3 young (3072K), 3 survivors (3072K)
 Metaspace       used 103995K, capacity 106416K, committed 106572K, reserved 1140736K
  class space    used 13394K, capacity 14344K, committed 14412K, reserved 1048576K
}
Event: 53.556 GC heap before
{Heap before GC invocations=38 (full 0):
 garbage-first heap   total 236544K, used 187357K [0x0000000080000000, 0x0000000100000000)
  region size 1024K, 62 young (63488K), 3 survivors (3072K)
 Metaspace       used 104031K, capacity 106429K, committed 106572K, reserved 1140736K
  class space    used 13397K, capacity 14348K, committed 14412K, reserved 1048576K
}
Event: 53.564 GC heap after
{Heap after GC invocations=39 (full 0):
 garbage-first heap   total 236544K, used 126070K [0x0000000080000000, 0x0000000100000000)
  region size 1024K, 2 young (2048K), 2 survivors (2048K)
 Metaspace       used 104031K, capacity 106429K, committed 106572K, reserved 1140736K
  class space    used 13397K, capacity 14348K, committed 14412K, reserved 1048576K
}

